Created by PLY version 3.9 (http://www.dabeaz.com/ply)

Grammar

Rule 0     S' -> expression
Rule 1     expression -> SYMBOL
Rule 2     expression -> expression OR expression
Rule 3     expression -> LPARSEN expression RPARSEN
Rule 4     expression -> LPARSEN RPARSEN
Rule 5     expression -> expression expression
Rule 6     expression -> expression STAR

Terminals, with rules where they appear

LPARSEN              : 3 4
OR                   : 2
RPARSEN              : 3 4
STAR                 : 6
SYMBOL               : 1
error                : 

Nonterminals, with rules where they appear

expression           : 2 2 3 5 5 6 0

Parsing method: LALR

state 0

    (0) S' -> . expression
    (1) expression -> . SYMBOL
    (2) expression -> . expression OR expression
    (3) expression -> . LPARSEN expression RPARSEN
    (4) expression -> . LPARSEN RPARSEN
    (5) expression -> . expression expression
    (6) expression -> . expression STAR

    SYMBOL          shift and go to state 1
    LPARSEN         shift and go to state 2

    expression                     shift and go to state 3

state 1

    (1) expression -> SYMBOL .

    RPARSEN         reduce using rule 1 (expression -> SYMBOL .)
    OR              reduce using rule 1 (expression -> SYMBOL .)
    STAR            reduce using rule 1 (expression -> SYMBOL .)
    SYMBOL          reduce using rule 1 (expression -> SYMBOL .)
    LPARSEN         reduce using rule 1 (expression -> SYMBOL .)
    $end            reduce using rule 1 (expression -> SYMBOL .)


state 2

    (3) expression -> LPARSEN . expression RPARSEN
    (4) expression -> LPARSEN . RPARSEN
    (1) expression -> . SYMBOL
    (2) expression -> . expression OR expression
    (3) expression -> . LPARSEN expression RPARSEN
    (4) expression -> . LPARSEN RPARSEN
    (5) expression -> . expression expression
    (6) expression -> . expression STAR

    RPARSEN         shift and go to state 4
    SYMBOL          shift and go to state 1
    LPARSEN         shift and go to state 2

    expression                     shift and go to state 5

state 3

    (0) S' -> expression .
    (2) expression -> expression . OR expression
    (5) expression -> expression . expression
    (6) expression -> expression . STAR
    (1) expression -> . SYMBOL
    (2) expression -> . expression OR expression
    (3) expression -> . LPARSEN expression RPARSEN
    (4) expression -> . LPARSEN RPARSEN
    (5) expression -> . expression expression
    (6) expression -> . expression STAR

    OR              shift and go to state 8
    STAR            shift and go to state 6
    SYMBOL          shift and go to state 1
    LPARSEN         shift and go to state 2

    expression                     shift and go to state 7

state 4

    (4) expression -> LPARSEN RPARSEN .

    RPARSEN         reduce using rule 4 (expression -> LPARSEN RPARSEN .)
    OR              reduce using rule 4 (expression -> LPARSEN RPARSEN .)
    STAR            reduce using rule 4 (expression -> LPARSEN RPARSEN .)
    SYMBOL          reduce using rule 4 (expression -> LPARSEN RPARSEN .)
    LPARSEN         reduce using rule 4 (expression -> LPARSEN RPARSEN .)
    $end            reduce using rule 4 (expression -> LPARSEN RPARSEN .)


state 5

    (3) expression -> LPARSEN expression . RPARSEN
    (2) expression -> expression . OR expression
    (5) expression -> expression . expression
    (6) expression -> expression . STAR
    (1) expression -> . SYMBOL
    (2) expression -> . expression OR expression
    (3) expression -> . LPARSEN expression RPARSEN
    (4) expression -> . LPARSEN RPARSEN
    (5) expression -> . expression expression
    (6) expression -> . expression STAR

    RPARSEN         shift and go to state 9
    OR              shift and go to state 8
    STAR            shift and go to state 6
    SYMBOL          shift and go to state 1
    LPARSEN         shift and go to state 2

    expression                     shift and go to state 7

state 6

    (6) expression -> expression STAR .

    RPARSEN         reduce using rule 6 (expression -> expression STAR .)
    OR              reduce using rule 6 (expression -> expression STAR .)
    STAR            reduce using rule 6 (expression -> expression STAR .)
    SYMBOL          reduce using rule 6 (expression -> expression STAR .)
    LPARSEN         reduce using rule 6 (expression -> expression STAR .)
    $end            reduce using rule 6 (expression -> expression STAR .)


state 7

    (5) expression -> expression expression .
    (2) expression -> expression . OR expression
    (5) expression -> expression . expression
    (6) expression -> expression . STAR
    (1) expression -> . SYMBOL
    (2) expression -> . expression OR expression
    (3) expression -> . LPARSEN expression RPARSEN
    (4) expression -> . LPARSEN RPARSEN
    (5) expression -> . expression expression
    (6) expression -> . expression STAR

  ! shift/reduce conflict for OR resolved as shift
  ! shift/reduce conflict for STAR resolved as shift
  ! shift/reduce conflict for SYMBOL resolved as shift
  ! shift/reduce conflict for LPARSEN resolved as shift
    RPARSEN         reduce using rule 5 (expression -> expression expression .)
    $end            reduce using rule 5 (expression -> expression expression .)
    OR              shift and go to state 8
    STAR            shift and go to state 6
    SYMBOL          shift and go to state 1
    LPARSEN         shift and go to state 2

  ! OR              [ reduce using rule 5 (expression -> expression expression .) ]
  ! STAR            [ reduce using rule 5 (expression -> expression expression .) ]
  ! SYMBOL          [ reduce using rule 5 (expression -> expression expression .) ]
  ! LPARSEN         [ reduce using rule 5 (expression -> expression expression .) ]

    expression                     shift and go to state 7

state 8

    (2) expression -> expression OR . expression
    (1) expression -> . SYMBOL
    (2) expression -> . expression OR expression
    (3) expression -> . LPARSEN expression RPARSEN
    (4) expression -> . LPARSEN RPARSEN
    (5) expression -> . expression expression
    (6) expression -> . expression STAR

    SYMBOL          shift and go to state 1
    LPARSEN         shift and go to state 2

    expression                     shift and go to state 10

state 9

    (3) expression -> LPARSEN expression RPARSEN .

    RPARSEN         reduce using rule 3 (expression -> LPARSEN expression RPARSEN .)
    OR              reduce using rule 3 (expression -> LPARSEN expression RPARSEN .)
    STAR            reduce using rule 3 (expression -> LPARSEN expression RPARSEN .)
    SYMBOL          reduce using rule 3 (expression -> LPARSEN expression RPARSEN .)
    LPARSEN         reduce using rule 3 (expression -> LPARSEN expression RPARSEN .)
    $end            reduce using rule 3 (expression -> LPARSEN expression RPARSEN .)


state 10

    (2) expression -> expression OR expression .
    (2) expression -> expression . OR expression
    (5) expression -> expression . expression
    (6) expression -> expression . STAR
    (1) expression -> . SYMBOL
    (2) expression -> . expression OR expression
    (3) expression -> . LPARSEN expression RPARSEN
    (4) expression -> . LPARSEN RPARSEN
    (5) expression -> . expression expression
    (6) expression -> . expression STAR

    RPARSEN         reduce using rule 2 (expression -> expression OR expression .)
    OR              reduce using rule 2 (expression -> expression OR expression .)
    SYMBOL          reduce using rule 2 (expression -> expression OR expression .)
    LPARSEN         reduce using rule 2 (expression -> expression OR expression .)
    $end            reduce using rule 2 (expression -> expression OR expression .)
    STAR            shift and go to state 6

  ! STAR            [ reduce using rule 2 (expression -> expression OR expression .) ]
  ! OR              [ shift and go to state 8 ]
  ! SYMBOL          [ shift and go to state 1 ]
  ! LPARSEN         [ shift and go to state 2 ]

    expression                     shift and go to state 7
WARNING: 
WARNING: Conflicts:
WARNING: 
WARNING: shift/reduce conflict for OR in state 7 resolved as shift
WARNING: shift/reduce conflict for STAR in state 7 resolved as shift
WARNING: shift/reduce conflict for SYMBOL in state 7 resolved as shift
WARNING: shift/reduce conflict for LPARSEN in state 7 resolved as shift
